  bigint.cpp
  debug.cpp
C:\Users\Atirath\source\repos\CMPS109\ASG1\ASG1\bigint.cpp(14,4): error C2065:  '__PRETTY_FUNCTION__': undeclared identifier
  libfns.cpp
C:\Users\Atirath\source\repos\CMPS109\ASG1\ASG1\debug.cpp(21,13): warning C4267:  'argument': conversion from 'size_t' to 'char', possible loss of data
C:\Users\Atirath\source\repos\CMPS109\ASG1\ASG1\libfns.cpp(16,4): error C2065:  '__PRETTY_FUNCTION__': undeclared identifier
  main.cpp
C:\Users\Atirath\source\repos\CMPS109\ASG1\ASG1\libfns.cpp(32,4): error C2065:  '__PRETTY_FUNCTION__': undeclared identifier
  scanner.cpp
  ubigint.cpp
C:\Users\Atirath\source\repos\CMPS109\ASG1\ASG1\main.cpp(11,10): error C1083:  Cannot open include file: 'unistd.h': No such file or directory
C:\Users\Atirath\source\repos\CMPS109\ASG1\ASG1\ubigint.cpp(13,40): error C2614:  'ubigint': illegal member initialization: 'uvalue' is not a base or member
C:\Users\Atirath\source\repos\CMPS109\ASG1\ASG1\ubigint.cpp(14,4): error C2065:  '__PRETTY_FUNCTION__': undeclared identifier
C:\Users\Atirath\source\repos\CMPS109\ASG1\ASG1\ubigint.cpp(14,4): error C2065:  'uvalue': undeclared identifier
C:\Users\Atirath\source\repos\CMPS109\ASG1\ASG1\ubigint.cpp(17,40): error C2614:  'ubigint': illegal member initialization: 'uvalue' is not a base or member
C:\Users\Atirath\source\repos\CMPS109\ASG1\ASG1\ubigint.cpp(18,4): error C2065:  '__PRETTY_FUNCTION__': undeclared identifier
C:\Users\Atirath\source\repos\CMPS109\ASG1\ASG1\ubigint.cpp(23,7): error C2065:  'uvalue': undeclared identifier
C:\Users\Atirath\source\repos\CMPS109\ASG1\ASG1\ubigint.cpp(23,16): error C2065:  'uvalue': undeclared identifier
C:\Users\Atirath\source\repos\CMPS109\ASG1\ASG1\ubigint.cpp(28,20): error C2065:  'uvalue': undeclared identifier
C:\Users\Atirath\source\repos\CMPS109\ASG1\ASG1\ubigint.cpp(28,40): error C2039:  'uvalue': is not a member of 'ubigint'
C:\Users\Atirath\source\repos\CMPS109\ASG1\ASG1\ubigint.h(15): message :  see declaration of 'ubigint'
C:\Users\Atirath\source\repos\CMPS109\ASG1\ASG1\ubigint.cpp(33,20): error C2065:  'uvalue': undeclared identifier
C:\Users\Atirath\source\repos\CMPS109\ASG1\ASG1\ubigint.cpp(33,40): error C2039:  'uvalue': is not a member of 'ubigint'
C:\Users\Atirath\source\repos\CMPS109\ASG1\ASG1\ubigint.h(15): message :  see declaration of 'ubigint'
C:\Users\Atirath\source\repos\CMPS109\ASG1\ASG1\ubigint.cpp(37,20): error C2065:  'uvalue': undeclared identifier
C:\Users\Atirath\source\repos\CMPS109\ASG1\ASG1\ubigint.cpp(37,40): error C2039:  'uvalue': is not a member of 'ubigint'
C:\Users\Atirath\source\repos\CMPS109\ASG1\ASG1\ubigint.h(15): message :  see declaration of 'ubigint'
C:\Users\Atirath\source\repos\CMPS109\ASG1\ASG1\ubigint.cpp(41,4): error C2065:  'uvalue': undeclared identifier
C:\Users\Atirath\source\repos\CMPS109\ASG1\ASG1\ubigint.cpp(45,4): error C2065:  'uvalue': undeclared identifier
C:\Users\Atirath\source\repos\CMPS109\ASG1\ASG1\ubigint.cpp(70,12): error C7555:  use of designated initializers requires at least '/std:c++latest'
C:\Users\Atirath\source\repos\CMPS109\ASG1\ASG1\ubigint.cpp(82,11): error C2065:  'uvalue': undeclared identifier
C:\Users\Atirath\source\repos\CMPS109\ASG1\ASG1\ubigint.cpp(82,32): error C2039:  'uvalue': is not a member of 'ubigint'
C:\Users\Atirath\source\repos\CMPS109\ASG1\ASG1\ubigint.h(15): message :  see declaration of 'ubigint'
C:\Users\Atirath\source\repos\CMPS109\ASG1\ASG1\ubigint.cpp(86,11): error C2065:  'uvalue': undeclared identifier
C:\Users\Atirath\source\repos\CMPS109\ASG1\ASG1\ubigint.cpp(86,31): error C2039:  'uvalue': is not a member of 'ubigint'
C:\Users\Atirath\source\repos\CMPS109\ASG1\ASG1\ubigint.h(15): message :  see declaration of 'ubigint'
C:\Users\Atirath\source\repos\CMPS109\ASG1\ASG1\ubigint.cpp(90,44): error C2039:  'uvalue': is not a member of 'ubigint'
  util.cpp
C:\Users\Atirath\source\repos\CMPS109\ASG1\ASG1\ubigint.h(15): message :  see declaration of 'ubigint'
C:\Users\Atirath\source\repos\CMPS109\ASG1\ASG1\util.cpp(15,16): error C3861:  'basename': identifier not found
  Generating Code...
C:\Users\Atirath\source\repos\CMPS109\ASG1\ASG1\util.cpp(18,4): error C2065:  '__PRETTY_FUNCTION__': undeclared identifier
