c:\users\atirath\source\repos\cmps109\asg1\asg1\x64\debug\vc142.pdb
c:\users\atirath\source\repos\cmps109\asg1\asg1\x64\debug\vc142.idb
c:\users\atirath\source\repos\cmps109\asg1\asg1\x64\debug\ubigint.obj
c:\users\atirath\source\repos\cmps109\asg1\asg1\x64\debug\scanner.obj
c:\users\atirath\source\repos\cmps109\asg1\asg1\x64\debug\libfns.obj
c:\users\atirath\source\repos\cmps109\asg1\asg1\x64\debug\debug.obj
c:\users\atirath\source\repos\cmps109\asg1\asg1\x64\debug\main.obj
c:\users\atirath\source\repos\cmps109\asg1\asg1\x64\debug\asg1.pdb
c:\users\atirath\source\repos\cmps109\asg1\asg1\x64\debug\asg1.idb
c:\users\atirath\source\repos\cmps109\asg1\asg1\x64\debug\wingetopt.obj
c:\users\atirath\source\repos\cmps109\asg1\x64\debug\asg1.lib
c:\users\atirath\source\repos\cmps109\asg1\x64\debug\asg1.pdb
c:\users\atirath\source\repos\cmps109\asg1\asg1\x64\debug\asg1.tlog\cl.command.1.tlog
c:\users\atirath\source\repos\cmps109\asg1\asg1\x64\debug\asg1.tlog\cl.read.1.tlog
c:\users\atirath\source\repos\cmps109\asg1\asg1\x64\debug\asg1.tlog\cl.write.1.tlog
c:\users\atirath\source\repos\cmps109\asg1\asg1\x64\debug\asg1.tlog\lib-link.read.1.tlog
c:\users\atirath\source\repos\cmps109\asg1\asg1\x64\debug\asg1.tlog\lib-link.write.1.tlog
c:\users\atirath\source\repos\cmps109\asg1\asg1\x64\debug\asg1.tlog\lib.command.1.tlog
c:\users\atirath\source\repos\cmps109\asg1\asg1\x64\debug\asg1.tlog\link-cvtres.read.1.tlog
c:\users\atirath\source\repos\cmps109\asg1\asg1\x64\debug\asg1.tlog\link-cvtres.write.1.tlog
c:\users\atirath\source\repos\cmps109\asg1\asg1\x64\debug\asg1.tlog\link-rc.read.1.tlog
c:\users\atirath\source\repos\cmps109\asg1\asg1\x64\debug\asg1.tlog\link-rc.write.1.tlog
c:\users\atirath\source\repos\cmps109\asg1\asg1\x64\debug\asg1.tlog\link.command.1.tlog
c:\users\atirath\source\repos\cmps109\asg1\asg1\x64\debug\asg1.tlog\link.read.1.tlog
c:\users\atirath\source\repos\cmps109\asg1\asg1\x64\debug\asg1.tlog\link.write.1.tlog
